2022-10-02 15:57:00,899 - INFO - Rank 0 | Global Episode: 1 | Episode Reward: 9359.88 | Local step: 1000 | Global worker step: 1000 | Update step: 0 | Worker id: 0 | Elapsed time: 00:00:06
2022-10-02 15:57:13,124 - INFO - Rank 0 | Global Episode: 2 | Episode Reward: 9359.80 | Local step: 1000 | Global worker step: 2000 | Update step: 0 | Worker id: 1 | Elapsed time: 00:00:18
2022-10-02 15:57:16,796 - INFO - Rank 0 | Global Episode: 3 | Episode Reward: 9359.91 | Local step: 1000 | Global worker step: 3000 | Update step: 0 | Worker id: 1 | Elapsed time: 00:00:22
2022-10-02 15:57:18,912 - INFO - Rank 0 | Global Episode: 4 | Episode Reward: 9359.83 | Local step: 1000 | Global worker step: 4000 | Update step: 0 | Worker id: 2 | Elapsed time: 00:00:24
2022-10-02 15:58:04,248 - INFO - Rank 0 | Global Episode: 5 | Episode Reward: 9359.93 | Local step: 1000 | Global worker step: 5000 | Update step: 918 | Worker id: 1 | Elapsed time: 00:01:09
2022-10-02 15:58:56,654 - INFO - Rank 0 | Global Episode: 6 | Episode Reward: 9350.44 | Local step: 1000 | Global worker step: 6000 | Update step: 1998 | Worker id: 2 | Elapsed time: 00:02:01
2022-10-02 15:59:16,514 - ERROR - Rank 0 | Episode Reward: 9358.86 | Success cnt: 10 | Local Step: 1000 | Global Episode: 6 | Global Worker Step: 6000
2022-10-02 15:59:41,623 - INFO - Rank 0 | Global Episode: 7 | Episode Reward: 9359.92 | Local step: 1000 | Global worker step: 7000 | Update step: 3175 | Worker id: 1 | Elapsed time: 00:02:46
2022-10-02 16:00:34,004 - INFO - Rank 0 | Global Episode: 8 | Episode Reward: 9359.91 | Local step: 1000 | Global worker step: 8000 | Update step: 4788 | Worker id: 2 | Elapsed time: 00:03:39
2022-10-02 16:00:54,080 - INFO - Rank 0 | Global Episode: 9 | Episode Reward: 9359.87 | Local step: 1000 | Global worker step: 9000 | Update step: 5404 | Worker id: 0 | Elapsed time: 00:03:59
2022-10-02 16:01:19,187 - INFO - Rank 0 | Global Episode: 10 | Episode Reward: 9359.94 | Local step: 1000 | Global worker step: 10000 | Update step: 5921 | Worker id: 1 | Elapsed time: 00:04:24
2022-10-02 16:02:11,238 - INFO - Rank 0 | Global Episode: 11 | Episode Reward: 9359.86 | Local step: 1000 | Global worker step: 11000 | Update step: 6992 | Worker id: 2 | Elapsed time: 00:05:16
2022-10-02 16:02:56,240 - INFO - Rank 0 | Global Episode: 12 | Episode Reward: 9350.63 | Local step: 1000 | Global worker step: 12000 | Update step: 7919 | Worker id: 1 | Elapsed time: 00:06:01
2022-10-02 16:03:06,940 - ERROR - Rank 0 | Episode Reward: 9358.03 | Success cnt: 10 | Local Step: 1000 | Global Episode: 12 | Global Worker Step: 12000
2022-10-02 16:03:48,780 - INFO - Rank 0 | Global Episode: 13 | Episode Reward: 9359.62 | Local step: 1000 | Global worker step: 13000 | Update step: 9419 | Worker id: 2 | Elapsed time: 00:06:54
2022-10-02 16:04:33,536 - INFO - Rank 0 | Global Episode: 14 | Episode Reward: 9359.85 | Local step: 1000 | Global worker step: 14000 | Update step: 10803 | Worker id: 1 | Elapsed time: 00:07:38
2022-10-02 16:04:44,627 - INFO - Rank 0 | Global Episode: 15 | Episode Reward: 9359.83 | Local step: 1000 | Global worker step: 15000 | Update step: 11144 | Worker id: 0 | Elapsed time: 00:07:49
2022-10-02 16:05:25,725 - INFO - Rank 0 | Global Episode: 16 | Episode Reward: 9359.88 | Local step: 1000 | Global worker step: 16000 | Update step: 11992 | Worker id: 2 | Elapsed time: 00:08:31
2022-10-02 16:06:10,917 - INFO - Rank 0 | Global Episode: 17 | Episode Reward: 9359.93 | Local step: 1000 | Global worker step: 17000 | Update step: 12921 | Worker id: 1 | Elapsed time: 00:09:16
2022-10-02 16:06:55,997 - ERROR - Rank 0 | Episode Reward: 9359.84 | Success cnt: 10 | Local Step: 1000 | Global Episode: 17 | Global Worker Step: 17000
2022-10-02 16:07:02,995 - INFO - Rank 0 | Global Episode: 18 | Episode Reward: 9359.95 | Local step: 1000 | Global worker step: 18000 | Update step: 14061 | Worker id: 2 | Elapsed time: 00:10:08
2022-10-02 16:07:49,058 - INFO - Rank 0 | Global Episode: 19 | Episode Reward: 9350.71 | Local step: 1000 | Global worker step: 19000 | Update step: 15456 | Worker id: 1 | Elapsed time: 00:10:54
2022-10-02 16:08:34,690 - INFO - Rank 0 | Global Episode: 20 | Episode Reward: 9359.80 | Local step: 1000 | Global worker step: 20000 | Update step: 16850 | Worker id: 0 | Elapsed time: 00:11:39
2022-10-02 16:08:41,476 - INFO - Rank 0 | Global Episode: 21 | Episode Reward: 9359.86 | Local step: 1000 | Global worker step: 21000 | Update step: 16989 | Worker id: 2 | Elapsed time: 00:11:46
2022-10-02 16:09:28,626 - INFO - Rank 0 | Global Episode: 22 | Episode Reward: 9359.82 | Local step: 1000 | Global worker step: 22000 | Update step: 17924 | Worker id: 1 | Elapsed time: 00:12:33
2022-10-02 16:10:22,017 - INFO - Rank 0 | Global Episode: 23 | Episode Reward: 9359.95 | Local step: 1000 | Global worker step: 23000 | Update step: 18989 | Worker id: 2 | Elapsed time: 00:13:27
2022-10-02 16:10:49,283 - ERROR - Rank 0 | Episode Reward: 9357.12 | Success cnt: 10 | Local Step: 1000 | Global Episode: 23 | Global Worker Step: 23000
2022-10-02 16:11:08,559 - INFO - Rank 0 | Global Episode: 24 | Episode Reward: 9359.62 | Local step: 1000 | Global worker step: 24000 | Update step: 20116 | Worker id: 1 | Elapsed time: 00:14:13
2022-10-02 16:12:00,690 - INFO - Rank 0 | Global Episode: 25 | Episode Reward: 9350.55 | Local step: 1000 | Global worker step: 25000 | Update step: 21720 | Worker id: 2 | Elapsed time: 00:15:05
2022-10-02 16:12:26,884 - INFO - Rank 0 | Global Episode: 26 | Episode Reward: 9359.88 | Local step: 1000 | Global worker step: 26000 | Update step: 22525 | Worker id: 0 | Elapsed time: 00:15:32
2022-10-02 16:12:45,792 - INFO - Rank 0 | Global Episode: 27 | Episode Reward: 9359.94 | Local step: 1000 | Global worker step: 27000 | Update step: 22915 | Worker id: 1 | Elapsed time: 00:15:51
2022-10-02 16:13:38,414 - INFO - Rank 0 | Global Episode: 28 | Episode Reward: 9359.90 | Local step: 1000 | Global worker step: 28000 | Update step: 23998 | Worker id: 2 | Elapsed time: 00:16:43
2022-10-02 16:14:22,938 - INFO - Rank 0 | Global Episode: 29 | Episode Reward: 9350.80 | Local step: 1000 | Global worker step: 29000 | Update step: 24912 | Worker id: 1 | Elapsed time: 00:17:28
2022-10-02 16:14:38,778 - ERROR - Rank 0 | Episode Reward: 9358.02 | Success cnt: 10 | Local Step: 1000 | Global Episode: 29 | Global Worker Step: 29000
2022-10-02 16:15:15,972 - INFO - Rank 0 | Global Episode: 30 | Episode Reward: 9359.92 | Local step: 1000 | Global worker step: 30000 | Update step: 26380 | Worker id: 2 | Elapsed time: 00:18:21
2022-10-02 16:16:00,212 - INFO - Rank 0 | Global Episode: 31 | Episode Reward: 9359.91 | Local step: 1000 | Global worker step: 31000 | Update step: 27739 | Worker id: 1 | Elapsed time: 00:19:05
2022-10-02 16:16:16,475 - INFO - Rank 0 | Global Episode: 32 | Episode Reward: 9359.93 | Local step: 1000 | Global worker step: 32000 | Update step: 28242 | Worker id: 0 | Elapsed time: 00:19:21
2022-10-02 16:16:53,684 - INFO - Rank 0 | Global Episode: 33 | Episode Reward: 9359.93 | Local step: 1000 | Global worker step: 33000 | Update step: 29007 | Worker id: 2 | Elapsed time: 00:19:58
2022-10-02 16:17:37,591 - INFO - Rank 0 | Global Episode: 34 | Episode Reward: 9359.91 | Local step: 1000 | Global worker step: 34000 | Update step: 29905 | Worker id: 1 | Elapsed time: 00:20:42
2022-10-02 16:18:28,137 - ERROR - Rank 0 | Episode Reward: 9358.84 | Success cnt: 10 | Local Step: 1000 | Global Episode: 34 | Global Worker Step: 34000
2022-10-02 16:18:31,177 - INFO - Rank 0 | Global Episode: 35 | Episode Reward: 9359.65 | Local step: 1000 | Global worker step: 35000 | Update step: 31036 | Worker id: 2 | Elapsed time: 00:21:36
2022-10-02 16:19:15,374 - INFO - Rank 0 | Global Episode: 36 | Episode Reward: 9359.21 | Local step: 1000 | Global worker step: 36000 | Update step: 32382 | Worker id: 1 | Elapsed time: 00:22:20
2022-10-02 16:19:58,385 - ERROR - Rank 0 | Traceback (most recent call last):
  File "/home/phb/ETRI/GymSim_s2r/Trainer/Basic_trainer_with_model.py", line 92, in model_trainer
    _ = algorithm.update(algorithm.worker_step)
  File "/home/phb/ETRI/GymSim_s2r/Algorithm/SAC_v3.py", line 191, in update
    self.train_imn(s_history, a_history, ns)
  File "/home/phb/ETRI/GymSim_s2r/Algorithm/SAC_v3.py", line 167, in train_imn
    model_loss.backward()
  File "/home/phb/anaconda3/envs/env_test/lib/python3.8/site-packages/torch/_tensor.py", line 396, in backward
    torch.autograd.backward(self, gradient, retain_graph, create_graph, inputs=inputs)
  File "/home/phb/anaconda3/envs/env_test/lib/python3.8/site-packages/torch/autograd/__init__.py", line 173, in backward
    Variable._execution_engine.run_backward(  # Calls into the C++ engine to run the backward pass
KeyboardInterrupt

2022-10-02 16:19:58,414 - ERROR - Rank 0 | Traceback (most recent call last):
  File "/home/phb/ETRI/GymSim_s2r/Trainer/Basic_trainer_with_model.py", line 92, in model_trainer
    _ = algorithm.update(algorithm.worker_step)
  File "/home/phb/ETRI/GymSim_s2r/Algorithm/SAC_v3.py", line 191, in update
    self.train_imn(s_history, a_history, ns)
  File "/home/phb/ETRI/GymSim_s2r/Algorithm/SAC_v3.py", line 167, in train_imn
    model_loss.backward()
  File "/home/phb/anaconda3/envs/env_test/lib/python3.8/site-packages/torch/_tensor.py", line 396, in backward
    torch.autograd.backward(self, gradient, retain_graph, create_graph, inputs=inputs)
  File "/home/phb/anaconda3/envs/env_test/lib/python3.8/site-packages/torch/autograd/__init__.py", line 173, in backward
    Variable._execution_engine.run_backward(  # Calls into the C++ engine to run the backward pass
KeyboardInterrupt

2022-10-02 16:19:58,433 - ERROR - Rank 0 | Traceback (most recent call last):
  File "/home/phb/ETRI/GymSim_s2r/Trainer/Basic_trainer_with_model.py", line 92, in model_trainer
    _ = algorithm.update(algorithm.worker_step)
  File "/home/phb/ETRI/GymSim_s2r/Algorithm/SAC_v3.py", line 191, in update
    self.train_imn(s_history, a_history, ns)
  File "/home/phb/ETRI/GymSim_s2r/Algorithm/SAC_v3.py", line 167, in train_imn
    model_loss.backward()
  File "/home/phb/anaconda3/envs/env_test/lib/python3.8/site-packages/torch/_tensor.py", line 396, in backward
    torch.autograd.backward(self, gradient, retain_graph, create_graph, inputs=inputs)
  File "/home/phb/anaconda3/envs/env_test/lib/python3.8/site-packages/torch/autograd/__init__.py", line 173, in backward
    Variable._execution_engine.run_backward(  # Calls into the C++ engine to run the backward pass
KeyboardInterrupt

